d:\projects\visual\qt21deneme\qt21deneme\x64\debug\qrc_qt21deneme.obj
d:\projects\visual\qt21deneme\qt21deneme\x64\debug\moc_qt21deneme.obj
d:\projects\visual\qt21deneme\qt21deneme\x64\debug\vc143.pdb
d:\projects\visual\qt21deneme\x64\debug\qt21deneme.exe
d:\projects\visual\qt21deneme\x64\debug\qt21deneme.ilk
d:\projects\visual\qt21deneme\x64\debug\qt21deneme.pdb
d:\projects\visual\qt21deneme\qt21deneme\x64\debug\moc\moc_qt21deneme.cpp
d:\projects\visual\qt21deneme\qt21deneme\x64\debug\uic\ui_qt21deneme.h
d:\projects\visual\qt21deneme\qt21deneme\x64\debug\rcc\qrc_qt21deneme.cpp
d:\projects\visual\qt21deneme\qt21deneme\x64\debug\main.obj
d:\projects\visual\qt21deneme\qt21deneme\x64\debug\qt21deneme.obj
d:\projects\visual\qt21deneme\qt21deneme\x64\debug\qt21deneme.tlog\cl.command.1.tlog
d:\projects\visual\qt21deneme\qt21deneme\x64\debug\qt21deneme.tlog\cl.items.tlog
d:\projects\visual\qt21deneme\qt21deneme\x64\debug\qt21deneme.tlog\cl.read.1.tlog
d:\projects\visual\qt21deneme\qt21deneme\x64\debug\qt21deneme.tlog\cl.write.1.tlog
d:\projects\visual\qt21deneme\qt21deneme\x64\debug\qt21deneme.tlog\link.command.1.tlog
d:\projects\visual\qt21deneme\qt21deneme\x64\debug\qt21deneme.tlog\link.read.1.tlog
d:\projects\visual\qt21deneme\qt21deneme\x64\debug\qt21deneme.tlog\link.write.1.tlog
d:\projects\visual\qt21deneme\qt21deneme\x64\debug\qt21deneme.tlog\moc.read.1u.tlog
d:\projects\visual\qt21deneme\qt21deneme\x64\debug\qt21deneme.tlog\moc.write.1u.tlog
d:\projects\visual\qt21deneme\qt21deneme\x64\debug\qt21deneme.tlog\qt21deneme.write.1u.tlog
d:\projects\visual\qt21deneme\qt21deneme\x64\debug\qt21deneme.tlog\rcc.read.1u.tlog
d:\projects\visual\qt21deneme\qt21deneme\x64\debug\qt21deneme.tlog\rcc.write.1u.tlog
d:\projects\visual\qt21deneme\qt21deneme\x64\debug\qt21deneme.tlog\uic.read.1u.tlog
d:\projects\visual\qt21deneme\qt21deneme\x64\debug\qt21deneme.tlog\uic.write.1u.tlog
